2024-12-09 15:56:12 - INFO - Request started - Method: POST Path: /orders/order_stringing
2024-12-09 15:56:12 - INFO - Request completed - Method: POST Path: /orders/order_stringing Status: 201 Duration: 28.17ms
2024-12-09 15:56:48 - INFO - Request started - Method: POST Path: /orders/order_stringing
2024-12-09 15:56:48 - INFO - Request completed - Method: POST Path: /orders/order_stringing Status: 201 Duration: 14.19ms
2024-12-09 16:04:40 - INFO - Request started - Method: POST Path: /orders/order_stringing
2024-12-09 16:04:40 - INFO - Request completed - Method: POST Path: /orders/order_stringing Status: 201 Duration: 11.34ms
2024-12-09 16:09:30 - INFO - Request started - Method: POST Path: /orders/order_stringing
2024-12-09 16:09:30 - INFO - Request completed - Method: POST Path: /orders/order_stringing Status: 400 Duration: 2.22ms
2024-12-09 16:09:54 - INFO - Request started - Method: POST Path: /orders/order_stringing
2024-12-09 16:09:54 - INFO - Request completed - Method: POST Path: /orders/order_stringing Status: 400 Duration: 1.07ms
2024-12-09 16:13:37 - INFO - Request started - Method: POST Path: /orders/order_stringing
2024-12-09 16:13:37 - INFO - Request completed - Method: POST Path: /orders/order_stringing Status: 400 Duration: 4.24ms
2024-12-09 16:13:52 - INFO - Request started - Method: POST Path: /orders/order_stringing
2024-12-09 16:13:52 - INFO - Request completed - Method: POST Path: /orders/order_stringing Status: 400 Duration: 6.58ms
2024-12-09 16:14:33 - INFO - Request started - Method: POST Path: /orders/order_stringing
2024-12-09 16:14:33 - INFO - Request completed - Method: POST Path: /orders/order_stringing Status: 201 Duration: 12.82ms
2024-12-09 16:34:29 - INFO - Request started - Method: POST Path: /orders/order_stringing
2024-12-09 16:34:29 - INFO - Request completed - Method: POST Path: /orders/order_stringing Status: 201 Duration: 8.05ms
2024-12-09 16:36:30 - INFO - Request started - Method: POST Path: /orders/order_stringing
2024-12-09 16:36:30 - INFO - Request completed - Method: POST Path: /orders/order_stringing Status: 201 Duration: 14.22ms
2024-12-09 16:39:02 - INFO - Request started - Method: POST Path: /orders/order_stringing
2024-12-09 16:39:02 - INFO - Request completed - Method: POST Path: /orders/order_stringing Status: 201 Duration: 8.26ms
2024-12-09 16:39:46 - INFO - Request started - Method: POST Path: /orders/order_stringing
2024-12-09 16:39:46 - INFO - Request completed - Method: POST Path: /orders/order_stringing Status: 201 Duration: 9.03ms
2024-12-09 16:42:58 - INFO - Request started - Method: POST Path: /orders/order_stringing
2024-12-09 16:42:58 - INFO - Request completed - Method: POST Path: /orders/order_stringing Status: 201 Duration: 12.34ms
2024-12-09 18:15:53 - INFO - Request started - Method: POST Path: /api/orders/order_stringing
2024-12-09 18:15:53 - INFO - Request completed - Method: POST Path: /api/orders/order_stringing Status: 404 Duration: 2.28ms
2024-12-09 18:20:33 - INFO - Request started - Method: POST Path: /api/orders/order_stringing
2024-12-09 18:20:33 - INFO - Request completed - Method: POST Path: /api/orders/order_stringing Status: 404 Duration: 2.22ms
2024-12-09 18:20:41 - INFO - Request started - Method: POST Path: /api/orders/order_stringing
2024-12-09 18:20:41 - INFO - Request completed - Method: POST Path: /api/orders/order_stringing Status: 404 Duration: 0.47ms
2024-12-09 18:21:17 - INFO - Request started - Method: POST Path: /api/orders/order_stringing
2024-12-09 18:21:17 - INFO - Request completed - Method: POST Path: /api/orders/order_stringing Status: 404 Duration: 1.63ms
2024-12-09 18:24:19 - INFO - Request started - Method: POST Path: /api/orders/order_stringing
2024-12-09 18:24:19 - INFO - Request completed - Method: POST Path: /api/orders/order_stringing Status: 404 Duration: 1.13ms
2024-12-09 18:25:06 - INFO - Request started - Method: POST Path: /api/orders/order_stringing
2024-12-09 18:25:06 - INFO - Request completed - Method: POST Path: /api/orders/order_stringing Status: 404 Duration: 1.70ms
2024-12-09 18:27:05 - INFO - Request started - Method: POST Path: /order_stringing
2024-12-09 18:27:05 - INFO - Request completed - Method: POST Path: /order_stringing Status: 404 Duration: 1.23ms
2024-12-09 18:31:01 - INFO - Request started - Method: POST Path: /orders/order_stringing
2024-12-09 18:31:01 - INFO - Request completed - Method: POST Path: /orders/order_stringing Status: 201 Duration: 25.17ms
